# JRE version: Java(TM) SE Runtime Environment (8.0_333-b02) (build 1.8.0_333-b02)
# Java VM: Java HotSpot(TM) 64-Bit Server VM (25.333-b02 mixed mode bsd-amd64 compressed oops)
Heap:
 PSYoungGen      total 141824K, used 111527K [0x000000076ab00000, 0x0000000774000000, 0x00000007c0000000)
  eden space 131072K, 85% used [0x000000076ab00000,0x00000007717e9c30,0x0000000772b00000)
  from space 10752K, 0% used [0x0000000773580000,0x0000000773580000,0x0000000774000000)
  to   space 10752K, 0% used [0x0000000772b00000,0x0000000772b00000,0x0000000773580000)
 ParOldGen       total 87552K, used 7671K [0x00000006c0000000, 0x00000006c5580000, 0x000000076ab00000)
  object space 87552K, 8% used [0x00000006c0000000,0x00000006c077dd30,0x00000006c5580000)
 Metaspace       used 34388K, capacity 34762K, committed 34944K, reserved 1079296K
  class space    used 4352K, capacity 4475K, committed 4480K, reserved 1048576K
GC Heap History (6 events):
Event: 2.124 GC heap before
{Heap before GC invocations=1 (full 0):
 PSYoungGen      total 76288K, used 65536K [0x000000076ab00000, 0x0000000770000000, 0x00000007c0000000)
  eden space 65536K, 100% used [0x000000076ab00000,0x000000076eb00000,0x000000076eb00000)
  from space 10752K, 0% used [0x000000076f580000,0x000000076f580000,0x0000000770000000)
  to   space 10752K, 0% used [0x000000076eb00000,0x000000076eb00000,0x000000076f580000)
 ParOldGen       total 175104K, used 0K [0x00000006c0000000, 0x00000006cab00000, 0x000000076ab00000)
  object space 175104K, 0% used [0x00000006c0000000,0x00000006c0000000,0x00000006cab00000)
 Metaspace       used 19374K, capacity 19652K, committed 19968K, reserved 1067008K
  class space    used 2397K, capacity 2487K, committed 2560K, reserved 1048576K
Event: 2.159 GC heap after
Heap after GC invocations=1 (full 0):
 PSYoungGen      total 76288K, used 10747K [0x000000076ab00000, 0x0000000774000000, 0x00000007c0000000)
  eden space 65536K, 0% used [0x000000076ab00000,0x000000076ab00000,0x000000076eb00000)
  from space 10752K, 99% used [0x000000076eb00000,0x000000076f57ec78,0x000000076f580000)
  to   space 10752K, 0% used [0x0000000773580000,0x0000000773580000,0x0000000774000000)
 ParOldGen       total 175104K, used 4648K [0x00000006c0000000, 0x00000006cab00000, 0x000000076ab00000)
  object space 175104K, 2% used [0x00000006c0000000,0x00000006c048a210,0x00000006cab00000)
 Metaspace       used 19374K, capacity 19652K, committed 19968K, reserved 1067008K
  class space    used 2397K, capacity 2487K, committed 2560K, reserved 1048576K
}
Event: 2.317 GC heap before
{Heap before GC invocations=2 (full 0):
 PSYoungGen      total 76288K, used 19229K [0x000000076ab00000, 0x0000000774000000, 0x00000007c0000000)
  eden space 65536K, 12% used [0x000000076ab00000,0x000000076b348898,0x000000076eb00000)
  from space 10752K, 99% used [0x000000076eb00000,0x000000076f57ec78,0x000000076f580000)
  to   space 10752K, 0% used [0x0000000773580000,0x0000000773580000,0x0000000774000000)
 ParOldGen       total 175104K, used 4648K [0x00000006c0000000, 0x00000006cab00000, 0x000000076ab00000)
  object space 175104K, 2% used [0x00000006c0000000,0x00000006c048a210,0x00000006cab00000)
 Metaspace       used 20865K, capacity 21098K, committed 21248K, reserved 1067008K
  class space    used 2632K, capacity 2714K, committed 2816K, reserved 1048576K
Event: 2.337 GC heap after
Heap after GC invocations=2 (full 0):
 PSYoungGen      total 141824K, used 7858K [0x000000076ab00000, 0x0000000774000000, 0x00000007c0000000)
  eden space 131072K, 0% used [0x000000076ab00000,0x000000076ab00000,0x0000000772b00000)
  from space 10752K, 73% used [0x0000000773580000,0x0000000773d2c938,0x0000000774000000)
  to   space 10752K, 0% used [0x0000000772b00000,0x0000000772b00000,0x0000000773580000)
 ParOldGen       total 175104K, used 4656K [0x00000006c0000000, 0x00000006cab00000, 0x000000076ab00000)
  object space 175104K, 2% used [0x00000006c0000000,0x00000006c048c210,0x00000006cab00000)
 Metaspace       used 20865K, capacity 21098K, committed 21248K, reserved 1067008K
  class space    used 2632K, capacity 2714K, committed 2816K, reserved 1048576K
}
Event: 2.338 GC heap before
{Heap before GC invocations=3 (full 1):
 PSYoungGen      total 141824K, used 7858K [0x000000076ab00000, 0x0000000774000000, 0x00000007c0000000)
  eden space 131072K, 0% used [0x000000076ab00000,0x000000076ab00000,0x0000000772b00000)
  from space 10752K, 73% used [0x0000000773580000,0x0000000773d2c938,0x0000000774000000)
  to   space 10752K, 0% used [0x0000000772b00000,0x0000000772b00000,0x0000000773580000)
 ParOldGen       total 175104K, used 4656K [0x00000006c0000000, 0x00000006cab00000, 0x000000076ab00000)
  object space 175104K, 2% used [0x00000006c0000000,0x00000006c048c210,0x00000006cab00000)
 Metaspace       used 20865K, capacity 21098K, committed 21248K, reserved 1067008K
  class space    used 2632K, capacity 2714K, committed 2816K, reserved 1048576K
Event: 2.358 GC heap after
Heap after GC invocations=3 (full 1):
 PSYoungGen      total 141824K, used 0K [0x000000076ab00000, 0x0000000774000000, 0x00000007c0000000)
  eden space 131072K, 0% used [0x000000076ab00000,0x000000076ab00000,0x0000000772b00000)
  from space 10752K, 0% used [0x0000000773580000,0x0000000773580000,0x0000000774000000)
  to   space 10752K, 0% used [0x0000000772b00000,0x0000000772b00000,0x0000000773580000)
 ParOldGen       total 87552K, used 7671K [0x00000006c0000000, 0x00000006c5580000, 0x000000076ab00000)
  object space 87552K, 8% used [0x00000006c0000000,0x00000006c077dd30,0x00000006c5580000)
 Metaspace       used 20865K, capacity 21098K, committed 21248K, reserved 1067008K
  class space    used 2632K, capacity 2714K, committed 2816K, reserved 1048576K
}

